<?xml version="1.0" encoding="UTF-8"?>
<!-- Generated by org.testng.reporters.JUnitXMLReporter -->
<testsuite hostname="INLF6DLLH2" name="Command line test" tests="34" failures="0" timestamp="15 Oct 2019 06:59:22 GMT" time="3546.373" errors="0">
  <testcase name="@BeforeMethod setUp" time="0.0" classname="com.tdm.qa.testcases.AdvSearchPageTest">
    <failure type="org.openqa.selenium.NoSuchElementException" message="An element could not be located on the page using the given search parameters.
For documentation on this error, please visit: https://www.seleniumhq.org/exceptions/no_such_element.html
Build info: version: &amp;apos;3.141.59&amp;apos;, revision: &amp;apos;e82be7d358&amp;apos;, time: &amp;apos;2018-11-14T08:17:03&amp;apos;
System info: host: &amp;apos;INLF6DLLH2&amp;apos;, ip: &amp;apos;192.168.56.1&amp;apos;, os.name: &amp;apos;Windows 10&amp;apos;, os.arch: &amp;apos;amd64&amp;apos;, os.version: &amp;apos;10.0&amp;apos;, java.version: &amp;apos;1.8.0_151&amp;apos;
Driver info: io.appium.java_client.android.AndroidDriver
Capabilities {app: C:\Users\dhsa7001\eclipse-w..., appActivity: md54e9aad3514586715abecb6fd..., appPackage: com.nielsen.TDMobileX, autoGrantPermissions: true, databaseEnabled: false, desired: {app: C:\Users\dhsa7001\eclipse-w..., appActivity: md54e9aad3514586715abecb6fd..., appPackage: com.nielsen.TDMobileX, autoGrantPermissions: true, deviceName: mydevice, platformName: android}, deviceManufacturer: samsung, deviceModel: SM-N950F, deviceName: 988a9b31423738305930, deviceScreenSize: 1440x2960, deviceUDID: 988a9b31423738305930, javascriptEnabled: true, locationContextEnabled: false, networkConnectionEnabled: true, platform: LINUX, platformName: Android, platformVersion: 9, takesScreenshot: true, warnings: {}, webStorageEnabled: false}
Session ID: c2c92037-3620-4a61-92c4-d3716c67f49b
*** Element info: {Using=xpath, value=//*[@text=&amp;apos;No of opening hours per weekday&amp;apos;]//following::android.view.ViewGroup[@index=&amp;apos;5&amp;apos;]}">
      <![CDATA[org.openqa.selenium.NoSuchElementException: An element could not be located on the page using the given search parameters.
For documentation on this error, please visit: https://www.seleniumhq.org/exceptions/no_such_element.html
Build info: version: '3.141.59', revision: 'e82be7d358', time: '2018-11-14T08:17:03'
System info: host: 'INLF6DLLH2', ip: '192.168.56.1', os.name: 'Windows 10', os.arch: 'amd64', os.version: '10.0', java.version: '1.8.0_151'
Driver info: io.appium.java_client.android.AndroidDriver
Capabilities {app: C:\Users\dhsa7001\eclipse-w..., appActivity: md54e9aad3514586715abecb6fd..., appPackage: com.nielsen.TDMobileX, autoGrantPermissions: true, databaseEnabled: false, desired: {app: C:\Users\dhsa7001\eclipse-w..., appActivity: md54e9aad3514586715abecb6fd..., appPackage: com.nielsen.TDMobileX, autoGrantPermissions: true, deviceName: mydevice, platformName: android}, deviceManufacturer: samsung, deviceModel: SM-N950F, deviceName: 988a9b31423738305930, deviceScreenSize: 1440x2960, deviceUDID: 988a9b31423738305930, javascriptEnabled: true, locationContextEnabled: false, networkConnectionEnabled: true, platform: LINUX, platformName: Android, platformVersion: 9, takesScreenshot: true, warnings: {}, webStorageEnabled: false}
Session ID: c2c92037-3620-4a61-92c4-d3716c67f49b
*** Element info: {Using=xpath, value=//*[@text='No of opening hours per weekday']//following::android.view.ViewGroup[@index='5']}
	at org.openqa.selenium.remote.http.W3CHttpResponseCodec.createException(W3CHttpResponseCodec.java:187)
	at org.openqa.selenium.remote.http.W3CHttpResponseCodec.decode(W3CHttpResponseCodec.java:122)
	at org.openqa.selenium.remote.http.W3CHttpResponseCodec.decode(W3CHttpResponseCodec.java:49)
	at org.openqa.selenium.remote.HttpCommandExecutor.execute(HttpCommandExecutor.java:158)
	at io.appium.java_client.remote.AppiumCommandExecutor.execute(AppiumCommandExecutor.java:239)
	at org.openqa.selenium.remote.RemoteWebDriver.execute(RemoteWebDriver.java:552)
	at io.appium.java_client.DefaultGenericMobileDriver.execute(DefaultGenericMobileDriver.java:42)
	at io.appium.java_client.AppiumDriver.execute(AppiumDriver.java:1)
	at io.appium.java_client.android.AndroidDriver.execute(AndroidDriver.java:1)
	at org.openqa.selenium.remote.RemoteWebDriver.findElement(RemoteWebDriver.java:323)
	at io.appium.java_client.DefaultGenericMobileDriver.findElement(DefaultGenericMobileDriver.java:62)
	at io.appium.java_client.AppiumDriver.findElement(AppiumDriver.java:1)
	at io.appium.java_client.android.AndroidDriver.findElement(AndroidDriver.java:1)
	at org.openqa.selenium.remote.RemoteWebDriver.findElementByXPath(RemoteWebDriver.java:428)
	at io.appium.java_client.DefaultGenericMobileDriver.findElementByXPath(DefaultGenericMobileDriver.java:152)
	at io.appium.java_client.AppiumDriver.findElementByXPath(AppiumDriver.java:1)
	at io.appium.java_client.android.AndroidDriver.findElementByXPath(AndroidDriver.java:1)
	at org.openqa.selenium.By$ByXPath.findElement(By.java:353)
	at org.openqa.selenium.remote.RemoteWebDriver.findElement(RemoteWebDriver.java:315)
	at io.appium.java_client.DefaultGenericMobileDriver.findElement(DefaultGenericMobileDriver.java:58)
	at io.appium.java_client.AppiumDriver.findElement(AppiumDriver.java:1)
	at io.appium.java_client.android.AndroidDriver.findElement(AndroidDriver.java:1)
	at com.tdm.qa.pages.AdvSearchPage.selectOperator(AdvSearchPage.java:206)
	at com.tdm.qa.testcases.AdvSearchPageTest.setUp(AdvSearchPageTest.java:48)
... Removed 40 stack frames]]>
    </failure>
  </testcase> <!-- @BeforeMethod setUp -->
  <testcase name="@AfterMethod tearDown" time="0.0" classname="com.tdm.qa.testcases.AdvSearchPageTest">
    <skipped/>
  </testcase> <!-- @AfterMethod tearDown -->
  <testcase name="@BeforeMethod setUp" time="0.0" classname="com.tdm.qa.testcases.AdvSearchPageTest">
    <skipped/>
  </testcase> <!-- @BeforeMethod setUp -->
  <testcase name="@AfterMethod tearDown" time="0.0" classname="com.tdm.qa.testcases.AdvSearchPageTest">
    <skipped/>
  </testcase> <!-- @AfterMethod tearDown -->
  <testcase name="validateAboutPage" time="1.038" classname="com.tdm.qa.testcases.AboutPageTest"/>
  <testcase name="addNotification" time="110.642" classname="com.tdm.qa.testcases.AddNotifPageTest"/>
  <testcase name="verifyCheckInHist" time="0.428" classname="com.tdm.qa.testcases.CheckInHistoryPageTest"/>
  <testcase name="checkInComm" time="27.941" classname="com.tdm.qa.testcases.CheckInPageTest"/>
  <testcase name="loginTest" time="39.535" classname="com.tdm.qa.testcases.LoginPageTest"/>
  <testcase name="enterMissigStoreDetails" time="93.506" classname="com.tdm.qa.testcases.MissingStorePageTest"/>
  <testcase name="fillOwnData" time="37.741" classname="com.tdm.qa.testcases.OwnDataPageTest"/>
  <testcase name="clickOnMoreOpt" time="4.01" classname="com.tdm.qa.testcases.StoreMoreOptPageTest"/>
  <testcase name="saveQuery" time="26.627" classname="com.tdm.qa.testcases.AdvSearchPageTest"/>
  <testcase name="selectStoreAcc" time="180.588" classname="com.tdm.qa.testcases.HierarchiesPageTest"/>
  <testcase name="verifyHomePage" time="0.358" classname="com.tdm.qa.testcases.HomePageTest"/>
  <testcase name="verifyMoreOptionpopup" time="2.099" classname="com.tdm.qa.testcases.MoreOptionPageTest"/>
  <testcase name="validateNavigationOption" time="56.59" classname="com.tdm.qa.testcases.NearMePageTest"/>
  <testcase name="missingStore" time="6.461" classname="com.tdm.qa.testcases.NotificationsPageTest"/>
  <testcase name="downloadOfflineData" time="64.93" classname="com.tdm.qa.testcases.OfflineDataPageTest"/>
  <testcase name="validatePrevCheckin" time="7.401" classname="com.tdm.qa.testcases.PrevCheckinPageTest"/>
  <testcase name="verifyResultList" time="3.636" classname="com.tdm.qa.testcases.ResultListPageTest"/>
  <testcase name="verifySavedQueryPage" time="0.306" classname="com.tdm.qa.testcases.SavedQueryPageTest"/>
  <testcase name="setLegendAndSettingsPage" time="16.789" classname="com.tdm.qa.testcases.SelectFieldPageTest"/>
  <testcase name="selectReset" time="7.421" classname="com.tdm.qa.testcases.SettingsEditPageTest"/>
  <testcase name="resetLegend" time="23.656" classname="com.tdm.qa.testcases.SettingsPageTest"/>
  <testcase name="signOutNoOption" time="4.483" classname="com.tdm.qa.testcases.SignOutPageTest"/>
  <testcase name="verifyStoreHierarchy" time="4.525" classname="com.tdm.qa.testcases.StoreDetailsPageTest"/>
  <testcase name="applySearch" time="0.0" classname="com.tdm.qa.testcases.AdvSearchPageTest">
    <skipped/>
  </testcase> <!-- applySearch -->
  <testcase name="validateGoogleSearch" time="30.202" classname="com.tdm.qa.testcases.HomePageTest"/>
  <testcase name="verifyApplySearch" time="22.751" classname="com.tdm.qa.testcases.SavedQueryPageTest"/>
  <testcase name="selectFieldAndHomePage" time="63.384" classname="com.tdm.qa.testcases.SelectFieldPageTest"/>
  <testcase name="signOutYesOption" time="4.438" classname="com.tdm.qa.testcases.SignOutPageTest"/>
  <testcase name="resetQuery" time="0.0" classname="com.tdm.qa.testcases.AdvSearchPageTest">
    <skipped/>
  </testcase> <!-- resetQuery -->
  <testcase name="validateNielsenSearch" time="28.734" classname="com.tdm.qa.testcases.HomePageTest"/>
  <testcase name="saveAsQuery" time="89.267" classname="com.tdm.qa.testcases.SavedQueryPageTest"/>
  <testcase name="saveQuery" time="51.953" classname="com.tdm.qa.testcases.SavedQueryPageTest"/>
  <testcase name="clickOnReset" time="35.411" classname="com.tdm.qa.testcases.SavedQueryPageTest"/>
  <testcase name="deleteQuery" time="15.563" classname="com.tdm.qa.testcases.SavedQueryPageTest"/>
</testsuite> <!-- Command line test -->
