<html>
<head>
<title>TestNG:  Command line test</title>
<link href="../testng.css" rel="stylesheet" type="text/css" />
<link href="../my-testng.css" rel="stylesheet" type="text/css" />

<style type="text/css">
.log { display: none;} 
.stack-trace { display: none;} 
</style>
<script type="text/javascript">
<!--
function flip(e) {
  current = e.style.display;
  if (current == 'block') {
    e.style.display = 'none';
    return 0;
  }
  else {
    e.style.display = 'block';
    return 1;
  }
}

function toggleBox(szDivId, elem, msg1, msg2)
{
  var res = -1;  if (document.getElementById) {
    res = flip(document.getElementById(szDivId));
  }
  else if (document.all) {
    // this is the way old msie versions work
    res = flip(document.all[szDivId]);
  }
  if(elem) {
    if(res == 0) elem.innerHTML = msg1; else elem.innerHTML = msg2;
  }

}

function toggleAllBoxes() {
  if (document.getElementsByTagName) {
    d = document.getElementsByTagName('div');
    for (i = 0; i < d.length; i++) {
      if (d[i].className == 'log') {
        flip(d[i]);
      }
    }
  }
}

// -->
</script>

</head>
<body>
<h2 align='center'>Command line test</h2><table border='1' align="center">
<tr>
<td>Tests passed/Failed/Skipped:</td><td>32/0/2</td>
</tr><tr>
<td>Started on:</td><td>Tue Oct 15 11:30:16 IST 2019</td>
</tr>
<tr><td>Total time:</td><td>3546 seconds (3546373 ms)</td>
</tr><tr>
<td>Included groups:</td><td></td>
</tr><tr>
<td>Excluded groups:</td><td></td>
</tr>
</table><p/>
<small><i>(Hover the method name to see the test class name)</i></small><p/>
<table width='100%' border='1' class='invocation-failed'>
<tr><td colspan='4' align='center'><b>FAILED CONFIGURATIONS</b></td></tr>
<tr><td><b>Test method</b></td>
<td width="30%"><b>Exception</b></td>
<td width="10%"><b>Time (seconds)</b></td>
<td><b>Instance</b></td>
</tr>
<tr>
<td title='com.tdm.qa.testcases.AdvSearchPageTest.setUp()'><b>setUp</b><br>Test class: com.tdm.qa.testcases.AdvSearchPageTest</td>
<td><div><pre>org.openqa.selenium.NoSuchElementException: An element could not be located on the page using the given search parameters.
For documentation on this error, please visit: https://www.seleniumhq.org/exceptions/no_such_element.html
Build info: version: &apos;3.141.59&apos;, revision: &apos;e82be7d358&apos;, time: &apos;2018-11-14T08:17:03&apos;
System info: host: &apos;INLF6DLLH2&apos;, ip: &apos;192.168.56.1&apos;, os.name: &apos;Windows 10&apos;, os.arch: &apos;amd64&apos;, os.version: &apos;10.0&apos;, java.version: &apos;1.8.0_151&apos;
Driver info: io.appium.java_client.android.AndroidDriver
Capabilities {app: C:\Users\dhsa7001\eclipse-w..., appActivity: md54e9aad3514586715abecb6fd..., appPackage: com.nielsen.TDMobileX, autoGrantPermissions: true, databaseEnabled: false, desired: {app: C:\Users\dhsa7001\eclipse-w..., appActivity: md54e9aad3514586715abecb6fd..., appPackage: com.nielsen.TDMobileX, autoGrantPermissions: true, deviceName: mydevice, platformName: android}, deviceManufacturer: samsung, deviceModel: SM-N950F, deviceName: 988a9b31423738305930, deviceScreenSize: 1440x2960, deviceUDID: 988a9b31423738305930, javascriptEnabled: true, locationContextEnabled: false, networkConnectionEnabled: true, platform: LINUX, platformName: Android, platformVersion: 9, takesScreenshot: true, warnings: {}, webStorageEnabled: false}
Session ID: c2c92037-3620-4a61-92c4-d3716c67f49b
*** Element info: {Using=xpath, value=//*[@text=&apos;No of opening hours per weekday&apos;]//following::android.view.ViewGroup[@index=&apos;5&apos;]}
	at org.openqa.selenium.remote.http.W3CHttpResponseCodec.createException(W3CHttpResponseCodec.java:187)
	at org.openqa.selenium.remote.http.W3CHttpResponseCodec.decode(W3CHttpResponseCodec.java:122)
	at org.openqa.selenium.remote.http.W3CHttpResponseCodec.decode(W3CHttpResponseCodec.java:49)
	at org.openqa.selenium.remote.HttpCommandExecutor.execute(HttpCommandExecutor.java:158)
	at io.appium.java_client.remote.AppiumCommandExecutor.execute(AppiumCommandExecutor.java:239)
	at org.openqa.selenium.remote.RemoteWebDriver.execute(RemoteWebDriver.java:552)
	at io.appium.java_client.DefaultGenericMobileDriver.execute(DefaultGenericMobileDriver.java:42)
	at io.appium.java_client.AppiumDriver.execute(AppiumDriver.java:1)
	at io.appium.java_client.android.AndroidDriver.execute(AndroidDriver.java:1)
	at org.openqa.selenium.remote.RemoteWebDriver.findElement(RemoteWebDriver.java:323)
	at io.appium.java_client.DefaultGenericMobileDriver.findElement(DefaultGenericMobileDriver.java:62)
	at io.appium.java_client.AppiumDriver.findElement(AppiumDriver.java:1)
	at io.appium.java_client.android.AndroidDriver.findElement(AndroidDriver.java:1)
	at org.openqa.selenium.remote.RemoteWebDriver.findElementByXPath(RemoteWebDriver.java:428)
	at io.appium.java_client.DefaultGenericMobileDriver.findElementByXPath(DefaultGenericMobileDriver.java:152)
	at io.appium.java_client.AppiumDriver.findElementByXPath(AppiumDriver.java:1)
	at io.appium.java_client.android.AndroidDriver.findElementByXPath(AndroidDriver.java:1)
	at org.openqa.selenium.By$ByXPath.findElement(By.java:353)
	at org.openqa.selenium.remote.RemoteWebDriver.findElement(RemoteWebDriver.java:315)
	at io.appium.java_client.DefaultGenericMobileDriver.findElement(DefaultGenericMobileDriver.java:58)
	at io.appium.java_client.AppiumDriver.findElement(AppiumDriver.java:1)
	at io.appium.java_client.android.AndroidDriver.findElement(AndroidDriver.java:1)
	at com.tdm.qa.pages.AdvSearchPage.selectOperator(AdvSearchPage.java:206)
	at com.tdm.qa.testcases.AdvSearchPageTest.setUp(AdvSearchPageTest.java:48)
... Removed 40 stack frames</pre></div><a href='#' onClick='toggleBox("stack-trace697975769", this, "Click to show all stack frames", "Click to hide stack frames")'>Click to show all stack frames</a>
<div class='stack-trace' id='stack-trace697975769'><pre>org.openqa.selenium.NoSuchElementException: An element could not be located on the page using the given search parameters.
For documentation on this error, please visit: https://www.seleniumhq.org/exceptions/no_such_element.html
Build info: version: &apos;3.141.59&apos;, revision: &apos;e82be7d358&apos;, time: &apos;2018-11-14T08:17:03&apos;
System info: host: &apos;INLF6DLLH2&apos;, ip: &apos;192.168.56.1&apos;, os.name: &apos;Windows 10&apos;, os.arch: &apos;amd64&apos;, os.version: &apos;10.0&apos;, java.version: &apos;1.8.0_151&apos;
Driver info: io.appium.java_client.android.AndroidDriver
Capabilities {app: C:\Users\dhsa7001\eclipse-w..., appActivity: md54e9aad3514586715abecb6fd..., appPackage: com.nielsen.TDMobileX, autoGrantPermissions: true, databaseEnabled: false, desired: {app: C:\Users\dhsa7001\eclipse-w..., appActivity: md54e9aad3514586715abecb6fd..., appPackage: com.nielsen.TDMobileX, autoGrantPermissions: true, deviceName: mydevice, platformName: android}, deviceManufacturer: samsung, deviceModel: SM-N950F, deviceName: 988a9b31423738305930, deviceScreenSize: 1440x2960, deviceUDID: 988a9b31423738305930, javascriptEnabled: true, locationContextEnabled: false, networkConnectionEnabled: true, platform: LINUX, platformName: Android, platformVersion: 9, takesScreenshot: true, warnings: {}, webStorageEnabled: false}
Session ID: c2c92037-3620-4a61-92c4-d3716c67f49b
*** Element info: {Using=xpath, value=//*[@text=&apos;No of opening hours per weekday&apos;]//following::android.view.ViewGroup[@index=&apos;5&apos;]}
	at sun.reflect.NativeConstructorAccessorImpl.newInstance0(Native Method)
	at sun.reflect.NativeConstructorAccessorImpl.newInstance(NativeConstructorAccessorImpl.java:62)
	at sun.reflect.DelegatingConstructorAccessorImpl.newInstance(DelegatingConstructorAccessorImpl.java:45)
	at java.lang.reflect.Constructor.newInstance(Constructor.java:423)
	at org.openqa.selenium.remote.http.W3CHttpResponseCodec.createException(W3CHttpResponseCodec.java:187)
	at org.openqa.selenium.remote.http.W3CHttpResponseCodec.decode(W3CHttpResponseCodec.java:122)
	at org.openqa.selenium.remote.http.W3CHttpResponseCodec.decode(W3CHttpResponseCodec.java:49)
	at org.openqa.selenium.remote.HttpCommandExecutor.execute(HttpCommandExecutor.java:158)
	at io.appium.java_client.remote.AppiumCommandExecutor.execute(AppiumCommandExecutor.java:239)
	at org.openqa.selenium.remote.RemoteWebDriver.execute(RemoteWebDriver.java:552)
	at io.appium.java_client.DefaultGenericMobileDriver.execute(DefaultGenericMobileDriver.java:42)
	at io.appium.java_client.AppiumDriver.execute(AppiumDriver.java:1)
	at io.appium.java_client.android.AndroidDriver.execute(AndroidDriver.java:1)
	at org.openqa.selenium.remote.RemoteWebDriver.findElement(RemoteWebDriver.java:323)
	at io.appium.java_client.DefaultGenericMobileDriver.findElement(DefaultGenericMobileDriver.java:62)
	at io.appium.java_client.AppiumDriver.findElement(AppiumDriver.java:1)
	at io.appium.java_client.android.AndroidDriver.findElement(AndroidDriver.java:1)
	at org.openqa.selenium.remote.RemoteWebDriver.findElementByXPath(RemoteWebDriver.java:428)
	at io.appium.java_client.DefaultGenericMobileDriver.findElementByXPath(DefaultGenericMobileDriver.java:152)
	at io.appium.java_client.AppiumDriver.findElementByXPath(AppiumDriver.java:1)
	at io.appium.java_client.android.AndroidDriver.findElementByXPath(AndroidDriver.java:1)
	at org.openqa.selenium.By$ByXPath.findElement(By.java:353)
	at org.openqa.selenium.remote.RemoteWebDriver.findElement(RemoteWebDriver.java:315)
	at io.appium.java_client.DefaultGenericMobileDriver.findElement(DefaultGenericMobileDriver.java:58)
	at io.appium.java_client.AppiumDriver.findElement(AppiumDriver.java:1)
	at io.appium.java_client.android.AndroidDriver.findElement(AndroidDriver.java:1)
	at com.tdm.qa.pages.AdvSearchPage.selectOperator(AdvSearchPage.java:206)
	at com.tdm.qa.testcases.AdvSearchPageTest.setUp(AdvSearchPageTest.java:48)
	at sun.reflect.NativeMethodAccessorImpl.invoke0(Native Method)
	at sun.reflect.NativeMethodAccessorImpl.invoke(NativeMethodAccessorImpl.java:62)
	at sun.reflect.DelegatingMethodAccessorImpl.invoke(DelegatingMethodAccessorImpl.java:43)
	at java.lang.reflect.Method.invoke(Method.java:498)
	at org.testng.internal.MethodInvocationHelper.invokeMethod(MethodInvocationHelper.java:86)
	at org.testng.internal.Invoker.invokeConfigurationMethod(Invoker.java:514)
	at org.testng.internal.Invoker.invokeConfigurations(Invoker.java:215)
	at org.testng.internal.Invoker.invokeMethod(Invoker.java:589)
	at org.testng.internal.Invoker.invokeTestMethod(Invoker.java:820)
	at org.testng.internal.Invoker.invokeTestMethods(Invoker.java:1128)
	at org.testng.internal.TestMethodWorker.invokeTestMethods(TestMethodWorker.java:129)
	at org.testng.internal.TestMethodWorker.run(TestMethodWorker.java:112)
	at org.testng.TestRunner.privateRun(TestRunner.java:782)
	at org.testng.TestRunner.run(TestRunner.java:632)
	at org.testng.SuiteRunner.runTest(SuiteRunner.java:366)
	at org.testng.SuiteRunner.runSequentially(SuiteRunner.java:361)
	at org.testng.SuiteRunner.privateRun(SuiteRunner.java:319)
	at org.testng.SuiteRunner.run(SuiteRunner.java:268)
	at org.testng.SuiteRunnerWorker.runSuite(SuiteRunnerWorker.java:52)
	at org.testng.SuiteRunnerWorker.run(SuiteRunnerWorker.java:86)
	at org.testng.TestNG.runSuitesSequentially(TestNG.java:1244)
	at org.testng.TestNG.runSuitesLocally(TestNG.java:1169)
	at org.testng.TestNG.run(TestNG.java:1064)
	at org.apache.maven.surefire.testng.TestNGExecutor.run(TestNGExecutor.java:77)
	at org.apache.maven.surefire.testng.TestNGDirectoryTestSuite.executeMulti(TestNGDirectoryTestSuite.java:159)
	at org.apache.maven.surefire.testng.TestNGDirectoryTestSuite.execute(TestNGDirectoryTestSuite.java:99)
	at org.apache.maven.surefire.testng.TestNGProvider.invoke(TestNGProvider.java:106)
	at sun.reflect.NativeMethodAccessorImpl.invoke0(Native Method)
	at sun.reflect.NativeMethodAccessorImpl.invoke(NativeMethodAccessorImpl.java:62)
	at sun.reflect.DelegatingMethodAccessorImpl.invoke(DelegatingMethodAccessorImpl.java:43)
	at java.lang.reflect.Method.invoke(Method.java:498)
	at org.apache.maven.surefire.util.ReflectionUtils.invokeMethodWithArray(ReflectionUtils.java:189)
	at org.apache.maven.surefire.booter.ProviderFactory$ProviderProxy.invoke(ProviderFactory.java:165)
	at org.apache.maven.surefire.booter.ProviderFactory.invokeProvider(ProviderFactory.java:85)
	at org.apache.maven.surefire.booter.ForkedBooter.runSuitesInProcess(ForkedBooter.java:115)
	at org.apache.maven.surefire.booter.ForkedBooter.main(ForkedBooter.java:75)
</pre></div></td>
<td>0</td>
<td>com.tdm.qa.testcases.AdvSearchPageTest@12843fce</td></tr>
</table><p>
<table width='100%' border='1' class='invocation-skipped'>
<tr><td colspan='4' align='center'><b>SKIPPED CONFIGURATIONS</b></td></tr>
<tr><td><b>Test method</b></td>
<td width="30%"><b>Exception</b></td>
<td width="10%"><b>Time (seconds)</b></td>
<td><b>Instance</b></td>
</tr>
<tr>
<td title='com.tdm.qa.testcases.AdvSearchPageTest.setUp()'><b>setUp</b><br>Test class: com.tdm.qa.testcases.AdvSearchPageTest</td>
<td></td>
<td>0</td>
<td>com.tdm.qa.testcases.AdvSearchPageTest@12843fce</td></tr>
<tr>
<td title='com.tdm.qa.testcases.AdvSearchPageTest.tearDown()'><b>tearDown</b><br>Test class: com.tdm.qa.testcases.AdvSearchPageTest</td>
<td></td>
<td>0</td>
<td>com.tdm.qa.testcases.AdvSearchPageTest@12843fce</td></tr>
<tr>
<td title='com.tdm.qa.testcases.AdvSearchPageTest.tearDown()'><b>tearDown</b><br>Test class: com.tdm.qa.testcases.AdvSearchPageTest</td>
<td></td>
<td>0</td>
<td>com.tdm.qa.testcases.AdvSearchPageTest@12843fce</td></tr>
</table><p>
<table width='100%' border='1' class='invocation-passed'>
<tr><td colspan='4' align='center'><b>PASSED TESTS</b></td></tr>
<tr><td><b>Test method</b></td>
<td width="30%"><b>Exception</b></td>
<td width="10%"><b>Time (seconds)</b></td>
<td><b>Instance</b></td>
</tr>
<tr>
<td title='com.tdm.qa.testcases.AddNotifPageTest.addNotification()'><b>addNotification</b><br>Test class: com.tdm.qa.testcases.AddNotifPageTest</td>
<td></td>
<td>110</td>
<td>com.tdm.qa.testcases.AddNotifPageTest@13c78c0b</td></tr>
<tr>
<td title='com.tdm.qa.testcases.CheckInPageTest.checkInComm()'><b>checkInComm</b><br>Test class: com.tdm.qa.testcases.CheckInPageTest</td>
<td></td>
<td>27</td>
<td>com.tdm.qa.testcases.CheckInPageTest@97e1986</td></tr>
<tr>
<td title='com.tdm.qa.testcases.StoreMoreOptPageTest.clickOnMoreOpt()'><b>clickOnMoreOpt</b><br>Test class: com.tdm.qa.testcases.StoreMoreOptPageTest</td>
<td></td>
<td>4</td>
<td>com.tdm.qa.testcases.StoreMoreOptPageTest@5056dfcb</td></tr>
<tr>
<td title='com.tdm.qa.testcases.SavedQueryPageTest.clickOnReset()'><b>clickOnReset</b><br>Test class: com.tdm.qa.testcases.SavedQueryPageTest</td>
<td></td>
<td>35</td>
<td>com.tdm.qa.testcases.SavedQueryPageTest@7946e1f4</td></tr>
<tr>
<td title='com.tdm.qa.testcases.SavedQueryPageTest.deleteQuery()'><b>deleteQuery</b><br>Test class: com.tdm.qa.testcases.SavedQueryPageTest</td>
<td></td>
<td>15</td>
<td>com.tdm.qa.testcases.SavedQueryPageTest@7946e1f4</td></tr>
<tr>
<td title='com.tdm.qa.testcases.OfflineDataPageTest.downloadOfflineData()'><b>downloadOfflineData</b><br>Test class: com.tdm.qa.testcases.OfflineDataPageTest</td>
<td></td>
<td>64</td>
<td>com.tdm.qa.testcases.OfflineDataPageTest@59e84876</td></tr>
<tr>
<td title='com.tdm.qa.testcases.MissingStorePageTest.enterMissigStoreDetails()'><b>enterMissigStoreDetails</b><br>Test class: com.tdm.qa.testcases.MissingStorePageTest</td>
<td></td>
<td>93</td>
<td>com.tdm.qa.testcases.MissingStorePageTest@69d9c55</td></tr>
<tr>
<td title='com.tdm.qa.testcases.OwnDataPageTest.fillOwnData()'><b>fillOwnData</b><br>Test class: com.tdm.qa.testcases.OwnDataPageTest</td>
<td></td>
<td>37</td>
<td>com.tdm.qa.testcases.OwnDataPageTest@61a485d2</td></tr>
<tr>
<td title='com.tdm.qa.testcases.LoginPageTest.loginTest()'><b>loginTest</b><br>Test class: com.tdm.qa.testcases.LoginPageTest</td>
<td></td>
<td>39</td>
<td>com.tdm.qa.testcases.LoginPageTest@7f560810</td></tr>
<tr>
<td title='com.tdm.qa.testcases.NotificationsPageTest.missingStore()'><b>missingStore</b><br>Test class: com.tdm.qa.testcases.NotificationsPageTest</td>
<td></td>
<td>6</td>
<td>com.tdm.qa.testcases.NotificationsPageTest@337d0578</td></tr>
<tr>
<td title='com.tdm.qa.testcases.SettingsPageTest.resetLegend()'><b>resetLegend</b><br>Test class: com.tdm.qa.testcases.SettingsPageTest</td>
<td></td>
<td>23</td>
<td>com.tdm.qa.testcases.SettingsPageTest@b97c004</td></tr>
<tr>
<td title='com.tdm.qa.testcases.SavedQueryPageTest.saveAsQuery()'><b>saveAsQuery</b><br>Test class: com.tdm.qa.testcases.SavedQueryPageTest</td>
<td></td>
<td>89</td>
<td>com.tdm.qa.testcases.SavedQueryPageTest@7946e1f4</td></tr>
<tr>
<td title='com.tdm.qa.testcases.AdvSearchPageTest.saveQuery()'><b>saveQuery</b><br>Test class: com.tdm.qa.testcases.AdvSearchPageTest</td>
<td></td>
<td>26</td>
<td>com.tdm.qa.testcases.AdvSearchPageTest@12843fce</td></tr>
<tr>
<td title='com.tdm.qa.testcases.SavedQueryPageTest.saveQuery()'><b>saveQuery</b><br>Test class: com.tdm.qa.testcases.SavedQueryPageTest</td>
<td></td>
<td>51</td>
<td>com.tdm.qa.testcases.SavedQueryPageTest@7946e1f4</td></tr>
<tr>
<td title='com.tdm.qa.testcases.SelectFieldPageTest.selectFieldAndHomePage()'><b>selectFieldAndHomePage</b><br>Test class: com.tdm.qa.testcases.SelectFieldPageTest</td>
<td></td>
<td>63</td>
<td>com.tdm.qa.testcases.SelectFieldPageTest@3c09711b</td></tr>
<tr>
<td title='com.tdm.qa.testcases.SettingsEditPageTest.selectReset()'><b>selectReset</b><br>Test class: com.tdm.qa.testcases.SettingsEditPageTest</td>
<td></td>
<td>7</td>
<td>com.tdm.qa.testcases.SettingsEditPageTest@5cc7c2a6</td></tr>
<tr>
<td title='com.tdm.qa.testcases.HierarchiesPageTest.selectStoreAcc()'><b>selectStoreAcc</b><br>Test class: com.tdm.qa.testcases.HierarchiesPageTest</td>
<td></td>
<td>180</td>
<td>com.tdm.qa.testcases.HierarchiesPageTest@26f67b76</td></tr>
<tr>
<td title='com.tdm.qa.testcases.SelectFieldPageTest.setLegendAndSettingsPage()'><b>setLegendAndSettingsPage</b><br>Test class: com.tdm.qa.testcases.SelectFieldPageTest</td>
<td></td>
<td>16</td>
<td>com.tdm.qa.testcases.SelectFieldPageTest@3c09711b</td></tr>
<tr>
<td title='com.tdm.qa.testcases.SignOutPageTest.signOutNoOption()'><b>signOutNoOption</b><br>Test class: com.tdm.qa.testcases.SignOutPageTest</td>
<td></td>
<td>4</td>
<td>com.tdm.qa.testcases.SignOutPageTest@4590c9c3</td></tr>
<tr>
<td title='com.tdm.qa.testcases.SignOutPageTest.signOutYesOption()'><b>signOutYesOption</b><br>Test class: com.tdm.qa.testcases.SignOutPageTest</td>
<td></td>
<td>4</td>
<td>com.tdm.qa.testcases.SignOutPageTest@4590c9c3</td></tr>
<tr>
<td title='com.tdm.qa.testcases.AboutPageTest.validateAboutPage()'><b>validateAboutPage</b><br>Test class: com.tdm.qa.testcases.AboutPageTest</td>
<td></td>
<td>1</td>
<td>com.tdm.qa.testcases.AboutPageTest@2cb4c3ab</td></tr>
<tr>
<td title='com.tdm.qa.testcases.HomePageTest.validateGoogleSearch()'><b>validateGoogleSearch</b><br>Test class: com.tdm.qa.testcases.HomePageTest</td>
<td></td>
<td>30</td>
<td>com.tdm.qa.testcases.HomePageTest@153f5a29</td></tr>
<tr>
<td title='com.tdm.qa.testcases.NearMePageTest.validateNavigationOption()'><b>validateNavigationOption</b><br>Test class: com.tdm.qa.testcases.NearMePageTest</td>
<td></td>
<td>56</td>
<td>com.tdm.qa.testcases.NearMePageTest@7ca48474</td></tr>
<tr>
<td title='com.tdm.qa.testcases.HomePageTest.validateNielsenSearch()'><b>validateNielsenSearch</b><br>Test class: com.tdm.qa.testcases.HomePageTest</td>
<td></td>
<td>28</td>
<td>com.tdm.qa.testcases.HomePageTest@153f5a29</td></tr>
<tr>
<td title='com.tdm.qa.testcases.PrevCheckinPageTest.validatePrevCheckin()'><b>validatePrevCheckin</b><br>Test class: com.tdm.qa.testcases.PrevCheckinPageTest</td>
<td></td>
<td>7</td>
<td>com.tdm.qa.testcases.PrevCheckinPageTest@39fb3ab6</td></tr>
<tr>
<td title='com.tdm.qa.testcases.SavedQueryPageTest.verifyApplySearch()'><b>verifyApplySearch</b><br>Test class: com.tdm.qa.testcases.SavedQueryPageTest</td>
<td></td>
<td>22</td>
<td>com.tdm.qa.testcases.SavedQueryPageTest@7946e1f4</td></tr>
<tr>
<td title='com.tdm.qa.testcases.CheckInHistoryPageTest.verifyCheckInHist()'><b>verifyCheckInHist</b><br>Test class: com.tdm.qa.testcases.CheckInHistoryPageTest</td>
<td></td>
<td>0</td>
<td>com.tdm.qa.testcases.CheckInHistoryPageTest@3dd3bcd</td></tr>
<tr>
<td title='com.tdm.qa.testcases.HomePageTest.verifyHomePage()'><b>verifyHomePage</b><br>Test class: com.tdm.qa.testcases.HomePageTest</td>
<td></td>
<td>0</td>
<td>com.tdm.qa.testcases.HomePageTest@153f5a29</td></tr>
<tr>
<td title='com.tdm.qa.testcases.MoreOptionPageTest.verifyMoreOptionpopup()'><b>verifyMoreOptionpopup</b><br>Test class: com.tdm.qa.testcases.MoreOptionPageTest</td>
<td></td>
<td>2</td>
<td>com.tdm.qa.testcases.MoreOptionPageTest@13a57a3b</td></tr>
<tr>
<td title='com.tdm.qa.testcases.ResultListPageTest.verifyResultList()'><b>verifyResultList</b><br>Test class: com.tdm.qa.testcases.ResultListPageTest</td>
<td></td>
<td>3</td>
<td>com.tdm.qa.testcases.ResultListPageTest@6276ae34</td></tr>
<tr>
<td title='com.tdm.qa.testcases.SavedQueryPageTest.verifySavedQueryPage()'><b>verifySavedQueryPage</b><br>Test class: com.tdm.qa.testcases.SavedQueryPageTest</td>
<td></td>
<td>0</td>
<td>com.tdm.qa.testcases.SavedQueryPageTest@7946e1f4</td></tr>
<tr>
<td title='com.tdm.qa.testcases.StoreDetailsPageTest.verifyStoreHierarchy()'><b>verifyStoreHierarchy</b><br>Test class: com.tdm.qa.testcases.StoreDetailsPageTest</td>
<td></td>
<td>4</td>
<td>com.tdm.qa.testcases.StoreDetailsPageTest@32e6e9c3</td></tr>
</table><p>
<table width='100%' border='1' class='invocation-skipped'>
<tr><td colspan='4' align='center'><b>SKIPPED TESTS</b></td></tr>
<tr><td><b>Test method</b></td>
<td width="30%"><b>Exception</b></td>
<td width="10%"><b>Time (seconds)</b></td>
<td><b>Instance</b></td>
</tr>
<tr>
<td title='com.tdm.qa.testcases.AdvSearchPageTest.applySearch()'><b>applySearch</b><br>Test class: com.tdm.qa.testcases.AdvSearchPageTest</td>
<td></td>
<td>0</td>
<td>com.tdm.qa.testcases.AdvSearchPageTest@12843fce</td></tr>
<tr>
<td title='com.tdm.qa.testcases.AdvSearchPageTest.resetQuery()'><b>resetQuery</b><br>Test class: com.tdm.qa.testcases.AdvSearchPageTest</td>
<td></td>
<td>0</td>
<td>com.tdm.qa.testcases.AdvSearchPageTest@12843fce</td></tr>
</table><p>
</body>
</html>